Determining if the pthread_create exist failed with the following output:
Change Dir: /home/sun/hexapod_ws/src/my_hexapod_control/build/CMakeFiles/CMakeTmp

Run Build Command:/usr/bin/make "cmTryCompileExec1580735441/fast"
/usr/bin/make -f CMakeFiles/cmTryCompileExec1580735441.dir/build.make CMakeFiles/cmTryCompileExec1580735441.dir/build
make[1]: Entering directory `/home/sun/hexapod_ws/src/my_hexapod_control/build/CMakeFiles/CMakeTmp'
/usr/bin/cmake -E cmake_progress_report /home/sun/hexapod_ws/src/my_hexapod_control/build/CMakeFiles/CMakeTmp/CMakeFiles 1
Building C object CMakeFiles/cmTryCompileExec1580735441.dir/CheckSymbolExists.c.o
/usr/bin/cc    -o CMakeFiles/cmTryCompileExec1580735441.dir/CheckSymbolExists.c.o   -c /home/sun/hexapod_ws/src/my_hexapod_control/build/CMakeFiles/CMakeTmp/CheckSymbolExists.c
Linking C executable cmTryCompileExec1580735441
/usr/bin/cmake -E cmake_link_script CMakeFiles/cmTryCompileExec1580735441.dir/link.txt --verbose=1
/usr/bin/cc       CMakeFiles/cmTryCompileExec1580735441.dir/CheckSymbolExists.c.o  -o cmTryCompileExec1580735441 -rdynamic 
CMakeFiles/cmTryCompileExec1580735441.dir/CheckSymbolExists.c.o: In function `main':
CheckSymbolExists.c:(.text+0x16): undefined reference to `pthread_create'
collect2: error: ld returned 1 exit status
make[1]: *** [cmTryCompileExec1580735441] Error 1
make[1]: Leaving directory `/home/sun/hexapod_ws/src/my_hexapod_control/build/CMakeFiles/CMakeTmp'
make: *** [cmTryCompileExec1580735441/fast] Error 2

File /home/sun/hexapod_ws/src/my_hexapod_control/build/CMakeFiles/CMakeTmp/CheckSymbolExists.c:
/* */
#include <pthread.h>

int main(int argc, char** argv)
{
  (void)argv;
#ifndef pthread_create
  return ((int*)(&pthread_create))[argc];
#else
  (void)argc;
  return 0;
#endif
}

Determining if the function pthread_create exists in the pthreads failed with the following output:
Change Dir: /home/sun/hexapod_ws/src/my_hexapod_control/build/CMakeFiles/CMakeTmp

Run Build Command:/usr/bin/make "cmTryCompileExec1865977824/fast"
/usr/bin/make -f CMakeFiles/cmTryCompileExec1865977824.dir/build.make CMakeFiles/cmTryCompileExec1865977824.dir/build
make[1]: Entering directory `/home/sun/hexapod_ws/src/my_hexapod_control/build/CMakeFiles/CMakeTmp'
/usr/bin/cmake -E cmake_progress_report /home/sun/hexapod_ws/src/my_hexapod_control/build/CMakeFiles/CMakeTmp/CMakeFiles 1
Building C object CMakeFiles/cmTryCompileExec1865977824.dir/CheckFunctionExists.c.o
/usr/bin/cc   -DCHECK_FUNCTION_EXISTS=pthread_create   -o CMakeFiles/cmTryCompileExec1865977824.dir/CheckFunctionExists.c.o   -c /usr/share/cmake-2.8/Modules/CheckFunctionExists.c
Linking C executable cmTryCompileExec1865977824
/usr/bin/cmake -E cmake_link_script CMakeFiles/cmTryCompileExec1865977824.dir/link.txt --verbose=1
/usr/bin/cc   -DCHECK_FUNCTION_EXISTS=pthread_create    CMakeFiles/cmTryCompileExec1865977824.dir/CheckFunctionExists.c.o  -o cmTryCompileExec1865977824 -rdynamic -lpthreads 
/usr/bin/ld: cannot find -lpthreads
collect2: error: ld returned 1 exit status
make[1]: *** [cmTryCompileExec1865977824] Error 1
make[1]: Leaving directory `/home/sun/hexapod_ws/src/my_hexapod_control/build/CMakeFiles/CMakeTmp'
make: *** [cmTryCompileExec1865977824/fast] Error 2


